********************************************************************************
DUPLICATOR-LITE PACKAGE-LOG: 7 February 2024 13h21
NOTICE: Do NOT post to public sites or forums 
********************************************************************************
VERSION:	1.5.8.1
WORDPRESS:	6.4.3
PHP INFO:	8.2.13 | SAPI: apache2handler
SERVER:		Apache/2.4.58 (Win64) PHP/8.2.13 mod_fcgid/2.3.10-dev 
PHP TIME LIMIT: (0) no time limit imposed 
PHP MAX MEMORY: 4294967296 (128M default) 
MEMORY STACK: 12MB

********************************************************************************
DATABASE:
********************************************************************************
BUILD MODE:   PHP(query limit - 100)
MYSQLTIMEOUT: 5000
MYSQLDUMP:    Not Supported
TABLES: total:13 | filtered:0 | create:13
FILTERED: []
SQL CREATED: 20240207_mysite_8c53ec7de63008fd3836_20240207132107_database.sql
SQL FILE SIZE: 85.72KB (87782)
SQL FILE TIME: 2024-02-07 13:21:21
SQL RUNTIME: 0.61 sec.

********************************************************************************
ARCHIVE (ZIP):
********************************************************************************
ARCHIVE DIR:  C:/wamp64/www/mysite
ARCHIVE FILE: 20240207_mysite_8c53ec7de63008fd3836_20240207132107_archive.zip
FILTERS: *OFF*
DIRS:
	not set
FILES:
	not set
EXTS:  not set
----------------------------------------
COMPRESSING
SIZE:	78.58MB
STATS:	Dirs 536 | Files 3,957
SQL ADDED: 20240207_mysite_8c53ec7de63008fd3836_20240207132107_database.sql
ZipArchive Object
(
    [lastId] => 4492
    [status] => 0
    [statusSys] => 0
    [numFiles] => 4493
    [filename] => C:\wamp64\www\mysite\wp-content\backups-dup-lite\tmp\20240207_mysite_8c53ec7de63008fd3836_20240207132107_archive.zip
    [comment] => 
)

FILE ADDED TO ZIP: 4492
COMPRESSION RESULT: '1'
COMPRESSED SIZE: 29.48MB
ARCHIVE RUNTIME: 107.92 sec.
MEMORY STACK: 12MB
building installer
ARCHIVE CONSISTENCY TEST: PASS

********************************************************************************
INTEGRITY CHECKS:
********************************************************************************
SQL FILE: 85.72KB
INSTALLER FILE: 73.47KB
ARCHIVE FILE: 31.32MB 
COMPTE ATTENDU DE FICHIERS/RÉPERTOIRES : 4,493
COMPTE ACTUEL DE FICHIERS/RÉPERTOIRES : 4,492
TEST DE COHÉRENCE D’ARCHIVE : Bon

********************************************************************************
RECORD ID:[1]
TOTAL PROCESS RUNTIME: 110.69 sec.
PEAK PHP MEMORY USED: 12MB
DONE PROCESSING => 20240207_mysite 7 February 2024 13h23

